Iteration: 0
Cost: -454
Coloring:
	Color 1: [93]
	Color 2: [92]
	Color 3: [91]
	Color 4: [30, 60, 90]
	Color 5: [29, 59, 89]
	Color 6: [28, 58, 88]
	Color 7: [37, 38, 39, 46, 47, 48]
	Color 8: [33, 34, 35, 36, 42, 43, 44, 45]
	Color 9: [9, 18, 27, 31, 32, 40, 41, 57, 78]
	Color 10: [8, 17, 26, 56, 77]
	Color 11: [7, 10, 11, 12, 13, 16, 25, 55, 70, 71, 72, 73, 76]
	Color 12: [2, 4, 6, 15, 22, 52, 75]

Iteration: 1
Cost: -454
Coloring:
	Color 1: [89]
	Color 2: [92]
	Color 3: [91]
	Color 4: [30, 60, 90]
	Color 5: [59, 93, 29]
	Color 6: [28, 58, 88]
	Color 7: [37, 38, 39, 46, 47, 48]
	Color 8: [33, 34, 35, 36, 42, 43, 44, 45]
	Color 9: [9, 18, 27, 31, 32, 40, 41, 57, 78]
	Color 10: [8, 17, 26, 56, 77]
	Color 11: [7, 10, 11, 12, 13, 16, 25, 55, 70, 71, 72, 73, 76]
	Color 12: [2, 4, 6, 15, 22, 52, 75]

Iteration: 2
Cost: -476
Coloring:
	Color 1: [89]
	Color 2: [92]
	Color 3: [91]
	Color 4: [25, 55]
	Color 5: [59, 93, 29]
	Color 6: [28, 58, 88]
	Color 7: [37, 38, 39, 46, 47, 48]
	Color 8: [33, 34, 35, 36, 42, 43, 44, 45]
	Color 9: [9, 18, 27, 31, 32, 40, 41, 57, 78]
	Color 10: [8, 17, 26, 56, 77]
	Color 11: [71, 70, 7, 72, 73, 10, 11, 12, 13, 16, 76, 90, 60, 30]
	Color 12: [2, 4, 6, 15, 22, 52, 75]

Iteration: 4
Cost: -524
Coloring:
	Color 1: [89]
	Color 2: [92]
	Color 3: [91]
	Color 4: [25, 55]
	Color 5: [59, 93, 29]
	Color 6: [28, 58, 88]
	Color 7: [37, 38, 39, 46, 47, 48]
	Color 8: [33, 34, 35, 36, 42, 43, 44, 45]
	Color 9: [70, 71, 72, 10, 11, 12, 13, 78, 16, 90, 30, 40, 41, 7, 76, 73, 60]
	Color 10: [8, 17, 26, 56, 77]
	Color 11: [9, 18, 27, 31, 32, 57]
	Color 12: [2, 4, 6, 15, 22, 52, 75]

Iteration: 7
Cost: -536
Coloring:
	Color 1: [89]
	Color 2: [92]
	Color 3: [91]
	Color 4: [25, 55]
	Color 5: [59, 93, 29]
	Color 6: [28, 58, 88]
	Color 7: [37, 38, 39, 46, 47, 48]
	Color 8: [2, 43, 4, 6, 75, 34, 15, 22, 45, 36]
	Color 9: [70, 71, 72, 10, 11, 12, 13, 78, 16, 90, 30, 40, 41, 7, 76, 73, 60]
	Color 10: [8, 17, 26, 56, 77]
	Color 11: [9, 18, 27, 31, 32, 57]
	Color 12: [33, 35, 42, 44, 52]

Iteration: 8
Cost: -538
Coloring:
	Color 1: [89]
	Color 2: [92]
	Color 3: [91]
	Color 4: [25, 55]
	Color 5: [59, 93, 29]
	Color 6: [28, 58, 88]
	Color 7: [48, 18, 39, 9, 27]
	Color 8: [2, 43, 4, 6, 75, 34, 15, 22, 45, 36]
	Color 9: [70, 71, 72, 10, 11, 12, 13, 78, 16, 90, 30, 40, 41, 7, 76, 73, 60]
	Color 10: [8, 17, 26, 56, 77]
	Color 11: [32, 37, 38, 57, 31, 46, 47]
	Color 12: [33, 35, 42, 44, 52]

Iteration: 9
Cost: -544
Coloring:
	Color 1: [89]
	Color 2: [92]
	Color 3: [91]
	Color 4: [25, 55]
	Color 5: [59, 93, 29]
	Color 6: [56, 26]
	Color 7: [48, 18, 39, 9, 27]
	Color 8: [2, 43, 4, 6, 75, 34, 15, 22, 45, 36]
	Color 9: [70, 71, 72, 10, 11, 12, 13, 78, 16, 90, 30, 40, 41, 7, 76, 73, 60]
	Color 10: [17, 8, 77, 88, 28, 58]
	Color 11: [32, 37, 38, 57, 31, 46, 47]
	Color 12: [33, 35, 42, 44, 52]

Iteration: 13
Cost: -546
Coloring:
	Color 1: [89]
	Color 2: [92]
	Color 3: [91]
	Color 4: [25, 55]
	Color 5: [59, 93, 29]
	Color 6: [56, 26]
	Color 7: [35, 39, 44, 48]
	Color 8: [2, 43, 4, 6, 75, 34, 15, 22, 45, 36]
	Color 9: [70, 71, 72, 10, 11, 12, 13, 78, 16, 90, 30, 40, 41, 7, 76, 73, 60]
	Color 10: [17, 8, 77, 88, 28, 58]
	Color 11: [32, 37, 38, 57, 31, 46, 47]
	Color 12: [33, 9, 42, 18, 52, 27]

Iteration: 16
Cost: -552
Coloring:
	Color 1: [89]
	Color 2: [91]
	Color 3: [25, 59, 93, 55]
	Color 4: [92, 29]
	Color 5: [56, 26]
	Color 6: [35, 39, 44, 48]
	Color 7: [2, 43, 4, 6, 75, 34, 15, 22, 45, 36]
	Color 8: [70, 71, 72, 10, 11, 12, 13, 78, 16, 90, 30, 40, 41, 7, 76, 73, 60]
	Color 9: [17, 8, 77, 88, 28, 58]
	Color 10: [32, 37, 38, 57, 31, 46, 47]
	Color 11: [33, 9, 42, 18, 52, 27]

Iteration: 19
Cost: -556
Coloring:
	Color 1: [56, 89, 26]
	Color 2: [91]
	Color 3: [25, 59, 93, 55]
	Color 4: [92, 29]
	Color 5: [35, 39, 44, 48]
	Color 6: [34, 43, 36, 37, 38, 45, 46, 47, 57, 31]
	Color 7: [70, 71, 72, 10, 11, 12, 13, 78, 16, 90, 30, 40, 41, 7, 76, 73, 60]
	Color 8: [17, 8, 77, 88, 28, 58]
	Color 9: [32, 2, 4, 75, 22, 6, 15]
	Color 10: [33, 9, 42, 18, 52, 27]

Iteration: 23
Cost: -558
Coloring:
	Color 1: [56, 89, 26]
	Color 2: [91]
	Color 3: [48, 18, 93]
	Color 4: [92, 29]
	Color 5: [27, 39, 9, 55, 25, 59]
	Color 6: [34, 43, 36, 37, 38, 45, 46, 47, 57, 31]
	Color 7: [70, 71, 72, 10, 11, 12, 13, 78, 16, 90, 30, 40, 41, 7, 76, 73, 60]
	Color 8: [17, 8, 77, 88, 28, 58]
	Color 9: [32, 2, 4, 75, 22, 6, 15]
	Color 10: [33, 35, 42, 44, 52]

Iteration: 28
Cost: -564
Coloring:
	Color 1: [58, 52]
	Color 2: [91]
	Color 3: [48, 18, 93]
	Color 4: [92, 29]
	Color 5: [27, 39, 9, 55, 25, 59]
	Color 6: [34, 43, 36, 37, 38, 45, 46, 47, 57, 31]
	Color 7: [70, 71, 72, 10, 11, 12, 13, 78, 16, 90, 30, 40, 41, 7, 76, 73, 60]
	Color 8: [4, 77, 22, 56, 89, 26]
	Color 9: [32, 2, 6, 8, 75, 15, 17]
	Color 10: [33, 35, 42, 44, 88, 28]

Iteration: 29
Cost: -566
Coloring:
	Color 1: [58, 52]
	Color 2: [91]
	Color 3: [48, 18, 93]
	Color 4: [92, 29]
	Color 5: [35, 39, 44, 88, 28]
	Color 6: [34, 43, 36, 37, 38, 45, 46, 47, 57, 31]
	Color 7: [70, 71, 72, 10, 11, 12, 13, 78, 16, 90, 30, 40, 41, 7, 76, 73, 60]
	Color 8: [4, 77, 22, 56, 89, 26]
	Color 9: [32, 2, 6, 8, 75, 15, 17]
	Color 10: [33, 9, 42, 59, 55, 25, 27]

Iteration: 32
Cost: -578
Coloring:
	Color 1: [91]
	Color 2: [48, 18, 58, 52, 93]
	Color 3: [92, 29]
	Color 4: [35, 39, 44, 88, 28]
	Color 5: [34, 43, 36, 37, 38, 45, 46, 47, 57, 31]
	Color 6: [70, 71, 72, 10, 11, 12, 13, 78, 16, 90, 30, 40, 41, 7, 76, 73, 60]
	Color 7: [8, 77, 17, 56, 89, 26]
	Color 8: [32, 2, 4, 6, 75, 15, 22]
	Color 9: [33, 9, 42, 59, 55, 25, 27]

Iteration: 33
Cost: -596
Coloring:
	Color 1: [91]
	Color 2: [48, 18, 58, 52, 93]
	Color 3: [92, 29]
	Color 4: [35, 39, 44, 88, 28]
	Color 5: [34, 43, 36, 37, 38, 45, 46, 47, 57, 31]
	Color 6: [70, 71, 72, 10, 11, 12, 13, 78, 16, 90, 30, 40, 41, 7, 76, 73, 60]
	Color 7: [8, 77, 17, 56, 89, 26]
	Color 8: [32, 33, 59, 4, 9, 42, 22, 55, 25, 27]
	Color 9: [2, 6, 75, 15]

Iteration: 36
Cost: -608
Coloring:
	Color 1: [91]
	Color 2: [48, 18, 58, 52, 93]
	Color 3: [92, 29]
	Color 4: [35, 6, 75, 44, 15, 88, 28]
	Color 5: [34, 43, 36, 37, 38, 45, 46, 47, 57, 31]
	Color 6: [70, 71, 72, 10, 11, 12, 13, 78, 16, 90, 30, 40, 41, 7, 76, 73, 60]
	Color 7: [8, 77, 17, 56, 89, 26]
	Color 8: [32, 33, 59, 4, 9, 42, 22, 55, 25, 27]
	Color 9: [39, 2]

Iteration: 39
Cost: -612
Coloring:
	Color 1: [39, 91, 31]
	Color 2: [48, 18, 58, 52, 93]
	Color 3: [92, 29]
	Color 4: [35, 6, 75, 44, 15, 88, 28]
	Color 5: [2, 36, 37, 38, 43, 34, 46, 45, 57, 47]
	Color 6: [70, 71, 72, 10, 11, 12, 13, 78, 16, 90, 30, 40, 41, 7, 76, 73, 60]
	Color 7: [8, 77, 17, 56, 89, 26]
	Color 8: [32, 33, 59, 4, 9, 42, 22, 55, 25, 27]

Iteration: 60
Cost: -616
Coloring:
	Color 1: [8, 89, 92, 77]
	Color 2: [91, 52, 26, 29]
	Color 3: [56, 17]
	Color 4: [35, 6, 75, 44, 15, 88, 28]
	Color 5: [48, 18, 39, 4, 58, 2, 93]
	Color 6: [70, 71, 72, 10, 11, 12, 13, 78, 16, 90, 30, 40, 41, 7, 76, 73, 60]
	Color 7: [34, 9, 43, 22, 57, 25, 27]
	Color 8: [32, 33, 59, 36, 37, 38, 42, 45, 46, 47, 55, 31]

Iteration: 82
Cost: -622
Coloring:
	Color 1: [34, 9, 43, 48, 52, 58, 93]
	Color 2: [7, 77, 30]
	Color 3: [27, 22, 25, 88, 75, 92]
	Color 4: [8, 26, 15]
	Color 5: [35, 6, 56, 91, 2, 29]
	Color 6: [31, 32, 33, 36, 37, 38, 40, 41, 45, 47, 55, 59, 60]
	Color 7: [18, 4, 89, 39, 57]
	Color 8: [70, 71, 72, 73, 10, 11, 44, 13, 12, 16, 17, 78, 76, 46, 90, 28, 42]

Iteration: 88
Cost: -632
Coloring:
	Color 1: [34, 9, 43, 48, 52, 58, 93]
	Color 2: [18, 39, 57]
	Color 3: [27, 22, 25, 88, 75, 92]
	Color 4: [8, 26, 15]
	Color 5: [35, 6, 56, 91, 2, 29]
	Color 6: [70, 71, 72, 73, 10, 11, 12, 13, 78, 16, 17, 90, 28, 40, 41, 45, 47, 76]
	Color 7: [4, 89, 7, 77, 30]
	Color 8: [31, 32, 33, 36, 37, 38, 42, 44, 46, 55, 59, 60]

Iteration: 89
Cost: -636
Coloring:
	Color 1: [34, 9, 43, 48, 52, 58, 93]
	Color 2: [18, 39, 57]
	Color 3: [75, 88, 92, 30]
	Color 4: [8, 26, 15]
	Color 5: [35, 6, 56, 91, 2, 29]
	Color 6: [70, 71, 72, 73, 10, 11, 12, 13, 78, 16, 17, 90, 28, 40, 41, 45, 47, 76]
	Color 7: [4, 7, 77, 22, 89, 25, 27]
	Color 8: [31, 32, 33, 36, 37, 38, 42, 44, 46, 55, 59, 60]

Iteration: 122
Cost: -644
Coloring:
	Color 1: [8, 15, 52, 26, 91]
	Color 2: [7, 77, 30]
	Color 3: [39, 18, 57]
	Color 4: [48, 34, 58, 43]
	Color 5: [2, 35, 6, 93, 56, 29]
	Color 6: [70, 71, 72, 73, 10, 11, 12, 13, 78, 16, 17, 90, 28, 40, 41, 45, 47, 76]
	Color 7: [75, 25, 4, 22, 89, 88, 9, 27, 92]
	Color 8: [31, 32, 33, 36, 37, 38, 42, 44, 46, 55, 59, 60]

Iteration: 168
Cost: -648
Coloring:
	Color 1: [6, 77, 29]
	Color 2: [35, 43, 93, 15, 48, 52, 56, 58]
	Color 3: [8, 88, 30]
	Color 4: [34, 18, 39]
	Color 5: [2, 27, 4, 7, 25, 57, 26, 91]
	Color 6: [70, 71, 72, 73, 10, 11, 12, 13, 78, 16, 17, 90, 28, 40, 41, 45, 47, 76]
	Color 7: [9, 75, 22, 89, 92]
	Color 8: [31, 32, 33, 36, 37, 38, 42, 44, 46, 55, 59, 60]

Iteration: 173
Cost: -656
Coloring:
	Color 1: [6, 77, 29]
	Color 2: [35, 43, 93, 15, 48, 52, 56, 58]
	Color 3: [88, 34, 18, 30, 39]
	Color 4: [8]
	Color 5: [2, 27, 4, 7, 25, 57, 26, 91]
	Color 6: [70, 71, 72, 73, 10, 11, 12, 13, 78, 16, 17, 90, 28, 40, 41, 45, 47, 76]
	Color 7: [9, 75, 22, 89, 92]
	Color 8: [31, 32, 33, 36, 37, 38, 42, 44, 46, 55, 59, 60]

Iteration: 174
Cost: -664
Coloring:
	Color 1: [6, 77, 29]
	Color 2: [35, 43, 93, 15, 48, 52, 56, 58]
	Color 3: [88, 34, 18, 30, 39]
	Color 4: [8]
	Color 5: [2, 27, 4, 89, 25, 9, 26, 75, 92]
	Color 6: [70, 71, 72, 73, 10, 11, 12, 13, 78, 16, 17, 90, 28, 40, 41, 45, 47, 76]
	Color 7: [91, 57, 7, 22]
	Color 8: [31, 32, 33, 36, 37, 38, 42, 44, 46, 55, 59, 60]

Iteration: 201
Cost: -672
Coloring:
	Color 1: [35, 43, 93, 15, 48, 52, 56, 58]
	Color 2: [34, 7, 22, 57, 91]
	Color 3: [4, 39, 9, 18, 30]
	Color 4: [2, 6, 8, 75, 89, 25, 26, 27, 92]
	Color 5: [70, 71, 72, 73, 10, 11, 12, 13, 78, 16, 17, 90, 28, 40, 41, 45, 47, 76]
	Color 6: [77, 88, 29]
	Color 7: [31, 32, 33, 36, 37, 38, 42, 44, 46, 55, 59, 60]

Iteration: 204
Cost: -726
Coloring:
	Color 1: [35, 43, 93, 15, 48, 52, 56, 58]
	Color 2: [34, 7, 22, 57, 91]
	Color 3: [4, 39, 9, 18, 30]
	Color 4: [70, 71, 72, 73, 10, 11, 12, 13, 78, 16, 17, 90, 28, 40, 41, 45, 47, 76]
	Color 5: [2, 6, 8, 75, 77, 89, 88, 25, 26, 27, 92, 29]
	Color 6: [31, 32, 33, 36, 37, 38, 42, 44, 46, 55, 59, 60]

Iteration: 222
Cost: -734
Coloring:
	Color 1: [70, 71, 72, 73, 10, 11, 12, 13, 78, 16, 17, 90, 28, 48, 43, 44, 46, 76]
	Color 2: [34, 35, 58, 91, 15]
	Color 3: [9, 18, 60, 30]
	Color 4: [93, 31, 36, 37, 38, 39, 40, 41, 45, 47, 55, 59]
	Color 5: [2, 6, 8, 75, 77, 89, 88, 25, 26, 27, 92, 29]
	Color 6: [32, 33, 4, 7, 42, 52, 22, 56, 57]

Iteration: 324
Cost: -736
Coloring:
	Color 1: [4, 9, 75, 77, 88, 27, 92]
	Color 2: [33, 41, 46, 16, 18, 60, 30]
	Color 3: [2, 35, 6, 8, 26, 52, 22, 55, 56, 89, 59, 29]
	Color 4: [32, 34, 36, 37, 38, 39, 40, 43, 45, 47, 57, 58, 91, 31]
	Color 5: [70, 71, 72, 73, 10, 11, 12, 13, 78, 15, 17, 90, 28, 48, 42, 44, 76]
	Color 6: [7, 25, 93]

Iteration: 325
Cost: -742
Coloring:
	Color 1: [4, 9, 75, 77, 88, 27, 92]
	Color 2: [33, 41, 46, 16, 18, 60, 30]
	Color 3: [91, 31, 34, 35, 37, 39, 40, 43, 45, 47, 52, 55, 56, 58, 59]
	Color 4: [2, 6, 8, 22, 89, 26, 29, 32, 36, 38, 57]
	Color 5: [70, 71, 72, 73, 10, 11, 12, 13, 78, 15, 17, 90, 28, 48, 42, 44, 76]
	Color 6: [7, 25, 93]

Iteration: 330
Cost: -748
Coloring:
	Color 1: [32, 6, 38, 8, 57, 27, 36]
	Color 2: [33, 41, 46, 16, 18, 60, 30]
	Color 3: [70, 71, 72, 73, 10, 11, 12, 13, 78, 15, 17, 90, 28, 40, 43, 45, 47, 76]
	Color 4: [2, 4, 9, 75, 77, 22, 88, 89, 26, 92, 29]
	Color 5: [91, 31, 48, 34, 35, 37, 39, 42, 44, 52, 55, 56, 58, 59]
	Color 6: [7, 25, 93]

Iteration: 441
Cost: -756
Coloring:
	Color 1: [7, 75, 77, 88, 89, 27, 92]
	Color 2: [2, 6, 8, 22, 25, 26, 29, 35, 93, 52, 55, 56, 59]
	Color 3: [70, 71, 72, 73, 10, 11, 12, 13, 78, 15, 17, 90, 28, 40, 43, 45, 47, 76]
	Color 4: [16, 18, 30, 34, 42, 48]
	Color 5: [91, 31, 32, 33, 36, 37, 38, 39, 41, 44, 46, 58, 60]
	Color 6: [9, 4, 57]

Iteration: 445
Cost: -764
Coloring:
	Color 1: [7, 75, 77, 88, 89, 27, 92]
	Color 2: [91, 31, 33, 35, 37, 39, 41, 44, 46, 52, 55, 56, 58, 59, 60]
	Color 3: [70, 71, 72, 73, 10, 11, 12, 13, 78, 15, 17, 90, 28, 40, 43, 45, 47, 76]
	Color 4: [16, 18, 30, 34, 42, 48]
	Color 5: [2, 6, 8, 22, 25, 26, 93, 32, 36, 38, 29]
	Color 6: [9, 4, 57]

Iteration: 451
Cost: -768
Coloring:
	Color 1: [16, 34, 42, 75, 48, 18, 88, 30]
	Color 2: [91, 31, 33, 35, 37, 39, 41, 44, 46, 52, 55, 56, 58, 59, 60]
	Color 3: [70, 71, 72, 73, 10, 11, 12, 13, 78, 15, 17, 90, 28, 40, 43, 45, 47, 76]
	Color 4: [7, 77, 89, 27, 92]
	Color 5: [32, 2, 36, 38, 6, 8, 29, 22, 25, 26, 93]
	Color 6: [9, 4, 57]

Iteration: 497
Cost: -794
Coloring:
	Color 1: [91, 31, 33, 35, 37, 39, 41, 44, 46, 52, 55, 56, 58, 59, 60]
	Color 2: [70, 71, 72, 73, 10, 11, 12, 13, 78, 15, 17, 90, 28, 40, 43, 45, 47, 76]
	Color 3: [6, 8, 22, 25, 26, 29, 32, 36, 38, 93]
	Color 4: [2, 7, 75, 77, 16, 88, 89, 92, 30]
	Color 5: [34, 4, 9, 42, 48, 18, 57, 27]

Iteration: 498
Cost: -798
Coloring:
	Color 1: [91, 31, 33, 35, 37, 39, 41, 44, 46, 52, 55, 56, 58, 59, 60]
	Color 2: [70, 71, 72, 73, 10, 11, 12, 13, 78, 15, 17, 90, 28, 40, 43, 45, 47, 76]
	Color 3: [7, 75, 77, 16, 89, 88, 92, 30]
	Color 4: [2, 6, 8, 22, 25, 26, 29, 32, 36, 38, 93]
	Color 5: [34, 4, 9, 42, 48, 18, 57, 27]

Iteration: 499
Cost: -800
Coloring:
	Color 1: [91, 31, 33, 35, 37, 39, 41, 44, 46, 52, 55, 56, 58, 59, 60]
	Color 2: [70, 71, 72, 73, 10, 11, 12, 13, 78, 15, 17, 90, 28, 40, 43, 45, 47, 76]
	Color 3: [34, 9, 42, 48, 18, 57, 27]
	Color 4: [2, 6, 8, 22, 25, 26, 29, 32, 36, 38, 93]
	Color 5: [16, 4, 7, 75, 77, 88, 89, 92, 30]

Iteration: 516
Cost: -806
Coloring:
	Color 1: [91, 31, 33, 35, 37, 39, 41, 44, 46, 52, 55, 56, 58, 59, 60]
	Color 2: [32, 34, 9, 43, 22, 93]
	Color 3: [70, 71, 72, 73, 10, 12, 78, 15, 17, 18, 90, 28, 48, 40, 42, 45, 47, 76]
	Color 4: [2, 36, 38, 6, 8, 25, 57, 26, 27, 29]
	Color 5: [11, 4, 7, 75, 77, 13, 16, 89, 88, 92, 30]

Iteration: 664
Cost: -814
Coloring:
	Color 1: [35, 6, 8, 22, 55, 56, 29, 31]
	Color 2: [4, 9, 25, 26, 27, 33, 34, 91, 52, 57]
	Color 3: [7, 75, 77, 13, 16, 89, 88, 92, 30]
	Color 4: [70, 71, 72, 73, 10, 11, 12, 78, 15, 17, 18, 90, 28, 48, 40, 41, 42, 45, 47, 76]
	Color 5: [2, 93, 32, 36, 37, 38, 39, 43, 44, 46, 58, 59, 60]

Iteration: 711
Cost: -820
Coloring:
	Color 1: [2, 4, 7, 75, 13, 77, 16, 88, 89, 92, 30]
	Color 2: [6, 8, 25, 26, 27, 35, 91, 52, 57]
	Color 3: [32, 39, 9, 93, 22, 59, 29]
	Color 4: [70, 71, 72, 73, 10, 11, 12, 78, 15, 17, 18, 90, 28, 48, 40, 41, 42, 45, 47, 76]
	Color 5: [33, 34, 36, 37, 38, 43, 44, 46, 55, 56, 58, 60, 31]

Iteration: 738
Cost: -822
Coloring:
	Color 1: [93, 31, 33, 34, 36, 37, 38, 43, 44, 46, 55, 56, 58, 60]
	Color 2: [4, 9, 25, 26, 91, 27, 39, 52, 57]
	Color 3: [32, 2, 35, 6, 8, 59, 22, 89, 29]
	Color 4: [70, 71, 72, 73, 10, 11, 12, 78, 15, 17, 18, 90, 28, 48, 40, 41, 42, 45, 47, 76]
	Color 5: [7, 75, 13, 77, 16, 88, 92, 30]

Iteration: 739
Cost: -826
Coloring:
	Color 1: [93, 31, 33, 34, 36, 37, 38, 43, 44, 46, 55, 56, 58, 60]
	Color 2: [4, 9, 25, 26, 91, 27, 39, 52, 57]
	Color 3: [2, 7, 75, 13, 77, 16, 88, 89, 92, 30]
	Color 4: [70, 71, 72, 73, 10, 11, 12, 78, 15, 17, 18, 90, 28, 48, 40, 41, 42, 45, 47, 76]
	Color 5: [32, 35, 6, 8, 22, 59, 29]

Iteration: 791
Cost: -832
Coloring:
	Color 1: [2, 35, 6, 8, 27, 52, 25, 57, 26, 91]
	Color 2: [34, 9, 22, 55, 56, 29]
	Color 3: [31, 32, 33, 36, 37, 38, 39, 43, 44, 46, 93, 58, 59, 60]
	Color 4: [70, 71, 72, 73, 10, 11, 12, 78, 15, 17, 18, 90, 28, 48, 40, 41, 42, 45, 47, 76]
	Color 5: [4, 7, 75, 77, 13, 16, 88, 89, 92, 30]

Iteration: 1100
Cost: -834
Coloring:
	Color 1: [2, 4, 7, 75, 13, 77, 16, 88, 89, 92, 30]
	Color 2: [35, 6, 8, 91, 52, 57, 25, 26, 27]
	Color 3: [32, 33, 36, 37, 38, 39, 43, 44, 46, 58, 59, 60, 93, 31]
	Color 4: [70, 71, 72, 10, 11, 12, 78, 15, 17, 18, 90, 28, 40, 41, 42, 73, 45, 47, 48, 76]
	Color 5: [34, 9, 22, 55, 56, 29]

